<?xml version="1.0" encoding="UTF-8"?>
<testsuite name="FavoriteMealsServiceTest" tests="1" skipped="0" failures="0" errors="0" timestamp="2023-07-05T14:49:03" hostname="DANNYBOY" time="0.568">
  <properties/>
  <testcase name="testFindByName_Success()" classname="FavoriteMealsServiceTest" time="0.568"/>
  <system-out><![CDATA[]]></system-out>
  <system-err><![CDATA[]]></system-err>
</testsuite>
