<?xml version="1.0" encoding="UTF-8"?>
<testsuite name="UserServiceTest" tests="1" skipped="0" failures="0" errors="0" timestamp="2023-06-27T13:24:50" hostname="DANNYBOY" time="0.566">
  <properties/>
  <testcase name="testUpdateAllergies_UserDoesNotExist()" classname="UserServiceTest" time="0.566"/>
  <system-out><![CDATA[]]></system-out>
  <system-err><![CDATA[]]></system-err>
</testsuite>
